Cleaning up existing hadoop directories ..
Deleted hdfs://master:54310/user/hduser/mrapriori-T10I4D100K
Deleted hdfs://master:54310/user/hduser/mrapriori-out-1
Deleted hdfs://master:54310/user/hduser/mrapriori-out-2
Deleted hdfs://master:54310/user/hduser/mrapriori-out-3
Deleted hdfs://master:54310/user/hduser/mrapriori-out-4
Deleted hdfs://master:54310/user/hduser/mrapriori-out-5
Deleted hdfs://master:54310/user/hduser/mrapriori-out-6
Deleted hdfs://master:54310/user/hduser/mrapriori-out-7
Deleted hdfs://master:54310/user/hduser/mrapriori-out-8
Deleted hdfs://master:54310/user/hduser/mrapriori-out-9
Recreating input hadoop directory ..
Compiling the java classes ..
Creating the jar ..
added manifest
adding: apriori/(in = 0) (out= 0)(stored 0%)
adding: apriori/MRApriori.class(in = 4253) (out= 2132)(deflated 49%)
adding: apriori/MRApriori$AprioriPhase1Mapper.class(in = 2037) (out= 903)(deflated 55%)
adding: apriori/MRApriori$AprioriPassKMapper.class(in = 4665) (out= 2129)(deflated 54%)
adding: apriori/MRApriori$AprioriPhaseKMapper.class(in = 4695) (out= 2158)(deflated 54%)
adding: apriori/MRApriori$AprioriPass1Mapper.class(in = 2035) (out= 910)(deflated 55%)
adding: apriori/MRApriori$AprioriReducer.class(in = 2535) (out= 1119)(deflated 55%)
adding: utils/(in = 0) (out= 0)(stored 0%)
adding: utils/HashTreeUtils.class(in = 2691) (out= 1478)(deflated 45%)
adding: utils/AprioriUtils.class(in = 3590) (out= 1894)(deflated 47%)
adding: model/(in = 0) (out= 0)(stored 0%)
adding: model/ItemSet.class(in = 2259) (out= 1142)(deflated 49%)
adding: model/HashTreeNode.class(in = 1685) (out= 774)(deflated 54%)
adding: model/Transaction.class(in = 1410) (out= 676)(deflated 52%)
Launching the hadoop job ..
InputDir 		 : /user/hduser/mrapriori-T10I4D100K
OutputDir Prefix : /user/hduser/mrapriori-out-
Number of Passes : 9
MinSupPercent : 0.33
Max Txns : 98395
Starting AprioriPhase1Job
saurabh /user/hduser/mrapriori-T10I4D100K
Finished AprioriPhase1Job
For pass 1 = 39305
Starting AprioriPhase2Job
saurabh /user/hduser/mrapriori-T10I4D100K
Finished AprioriPhase2Job
For pass 2 = 100521
Starting AprioriPhase3Job
saurabh /user/hduser/mrapriori-T10I4D100K
Finished AprioriPhase3Job
For pass 3 = 42190
Starting AprioriPhase4Job
saurabh /user/hduser/mrapriori-T10I4D100K
Finished AprioriPhase4Job
For pass 4 = 39106
Starting AprioriPhase5Job
saurabh /user/hduser/mrapriori-T10I4D100K
Finished AprioriPhase5Job
For pass 5 = 39732
Starting AprioriPhase6Job
saurabh /user/hduser/mrapriori-T10I4D100K
Finished AprioriPhase6Job
For pass 6 = 32340
Starting AprioriPhase7Job
saurabh /user/hduser/mrapriori-T10I4D100K
Finished AprioriPhase7Job
For pass 7 = 33449
Starting AprioriPhase8Job
saurabh /user/hduser/mrapriori-T10I4D100K
Finished AprioriPhase8Job
For pass 8 = 33296
Starting AprioriPhase9Job
saurabh /user/hduser/mrapriori-T10I4D100K
Finished AprioriPhase9Job
For pass 9 = 33301
Total time taken = 393240
